Determining if the pthread_create exist failed with the following output:
Change Dir: /mnt/c/Users/annak/KPI/magisrt_dyploma/DRL_Navigation/catkin_ws/build_isolated/velodyne_gazebo_plugins/CMakeFiles/CMakeTmp

Run Build Command:"/usr/bin/make" "cmTC_916ea/fast"
/usr/bin/make -f CMakeFiles/cmTC_916ea.dir/build.make CMakeFiles/cmTC_916ea.dir/build
make[1]: Entering directory '/mnt/c/Users/annak/KPI/magisrt_dyploma/DRL_Navigation/catkin_ws/build_isolated/velodyne_gazebo_plugins/CMakeFiles/CMakeTmp'
Building C object CMakeFiles/cmTC_916ea.dir/CheckSymbolExists.c.o
/usr/bin/cc    -o CMakeFiles/cmTC_916ea.dir/CheckSymbolExists.c.o   -c /mnt/c/Users/annak/KPI/magisrt_dyploma/DRL_Navigation/catkin_ws/build_isolated/velodyne_gazebo_plugins/CMakeFiles/CMakeTmp/CheckSymbolExists.c
Linking C executable cmTC_916ea
/usr/bin/cmake -E cmake_link_script CMakeFiles/cmTC_916ea.dir/link.txt --verbose=1
/usr/bin/cc      -rdynamic CMakeFiles/cmTC_916ea.dir/CheckSymbolExists.c.o  -o cmTC_916ea 
CMakeFiles/cmTC_916ea.dir/CheckSymbolExists.c.o: In function `main':
CheckSymbolExists.c:(.text+0x1b): undefined reference to `pthread_create'
collect2: error: ld returned 1 exit status
CMakeFiles/cmTC_916ea.dir/build.make:97: recipe for target 'cmTC_916ea' failed
make[1]: *** [cmTC_916ea] Error 1
make[1]: Leaving directory '/mnt/c/Users/annak/KPI/magisrt_dyploma/DRL_Navigation/catkin_ws/build_isolated/velodyne_gazebo_plugins/CMakeFiles/CMakeTmp'
Makefile:126: recipe for target 'cmTC_916ea/fast' failed
make: *** [cmTC_916ea/fast] Error 2

File /mnt/c/Users/annak/KPI/magisrt_dyploma/DRL_Navigation/catkin_ws/build_isolated/velodyne_gazebo_plugins/CMakeFiles/CMakeTmp/CheckSymbolExists.c:
/* */
#include <pthread.h>

int main(int argc, char** argv)
{
  (void)argv;
#ifndef pthread_create
  return ((int*)(&pthread_create))[argc];
#else
  (void)argc;
  return 0;
#endif
}

Determining if the function pthread_create exists in the pthreads failed with the following output:
Change Dir: /mnt/c/Users/annak/KPI/magisrt_dyploma/DRL_Navigation/catkin_ws/build_isolated/velodyne_gazebo_plugins/CMakeFiles/CMakeTmp

Run Build Command:"/usr/bin/make" "cmTC_1dead/fast"
/usr/bin/make -f CMakeFiles/cmTC_1dead.dir/build.make CMakeFiles/cmTC_1dead.dir/build
make[1]: Entering directory '/mnt/c/Users/annak/KPI/magisrt_dyploma/DRL_Navigation/catkin_ws/build_isolated/velodyne_gazebo_plugins/CMakeFiles/CMakeTmp'
Building C object CMakeFiles/cmTC_1dead.dir/CheckFunctionExists.c.o
/usr/bin/cc   -DCHECK_FUNCTION_EXISTS=pthread_create   -o CMakeFiles/cmTC_1dead.dir/CheckFunctionExists.c.o   -c /usr/share/cmake-3.10/Modules/CheckFunctionExists.c
Linking C executable cmTC_1dead
/usr/bin/cmake -E cmake_link_script CMakeFiles/cmTC_1dead.dir/link.txt --verbose=1
/usr/bin/cc  -DCHECK_FUNCTION_EXISTS=pthread_create    -rdynamic CMakeFiles/cmTC_1dead.dir/CheckFunctionExists.c.o  -o cmTC_1dead -lpthreads 
/usr/bin/ld: cannot find -lpthreads
collect2: error: ld returned 1 exit status
CMakeFiles/cmTC_1dead.dir/build.make:97: recipe for target 'cmTC_1dead' failed
make[1]: *** [cmTC_1dead] Error 1
make[1]: Leaving directory '/mnt/c/Users/annak/KPI/magisrt_dyploma/DRL_Navigation/catkin_ws/build_isolated/velodyne_gazebo_plugins/CMakeFiles/CMakeTmp'
Makefile:126: recipe for target 'cmTC_1dead/fast' failed
make: *** [cmTC_1dead/fast] Error 2


